CRASH AT: 2026-04-14T18:33:06.704006
============================================================
2026-04-14 18:33:05,603 [INFO] anatomy.shift_manager: 🔀 Shift Manager initialized in BOSS mode.
2026-04-14 18:33:05,604 [INFO] anatomy.orchestrator: 🎯 Orchestrator initialized
2026-04-14 18:33:05,778 [INFO] anatomy.shift_manager: 🔀 Shift Manager initialized in BOSS mode.
2026-04-14 18:33:05,778 [INFO] anatomy.orchestrator: 🎯 Orchestrator initialized
INFO:     Started server process [16272]
INFO:     Waiting for application startup.
2026-04-14 18:33:05,803 [INFO] paperclip.main: 📎 Paperclip Reborn — Backend Engine starting up...
2026-04-14 18:33:05,805 [INFO] database.db_manager: 📦 Ledger database initialized at F:\012A_Github\choppingblock\backend_engine\database\ledger.db
2026-04-14 18:33:05,812 [INFO] database.db_manager: 🌱 Seeded 5 Jules cloud accounts.
2026-04-14 18:33:05,819 [INFO] database.db_manager: 🤖 Seeded default agents.
2026-04-14 18:33:06,597 [INFO] paperclip.main: ✅ Backend ready. WebSocket at /ws/heartbeat
2026-04-14 18:33:06,597 [INFO] paperclip.main: 🎯 Orchestrator background loop started
2026-04-14 18:33:06,597 [INFO] anatomy.orchestrator: 🎯 Orchestrator started (polling every 5s)
INFO:     Application startup complete.
ERROR:    [Errno 10048] error while attempting to bind on address ('0.0.0.0', 8000): [winerror 10048] only one usage of each socket address (protocol/network address/port) is normally permitted
INFO:     Waiting for application shutdown.
2026-04-14 18:33:06,600 [INFO] anatomy.orchestrator: 🎯 Orchestrator stopped
2026-04-14 18:33:06,601 [INFO] paperclip.main: 🛑 Paperclip Reborn — Backend Engine shutting down.
INFO:     Application shutdown complete.