CRASH AT: 2026-04-14T18:32:10.690194
============================================================
2026-04-14 18:32:09,171 [INFO] anatomy.shift_manager: 🔀 Shift Manager initialized in BOSS mode.
2026-04-14 18:32:09,171 [INFO] anatomy.orchestrator: 🎯 Orchestrator initialized
2026-04-14 18:32:09,334 [INFO] anatomy.shift_manager: 🔀 Shift Manager initialized in BOSS mode.
2026-04-14 18:32:09,334 [INFO] anatomy.orchestrator: 🎯 Orchestrator initialized
INFO:     Started server process [26760]
INFO:     Waiting for application startup.
2026-04-14 18:32:09,357 [INFO] paperclip.main: 📎 Paperclip Reborn — Backend Engine starting up...
2026-04-14 18:32:09,359 [INFO] database.db_manager: 📦 Ledger database initialized at F:\012A_Github\choppingblock\backend_engine\database\ledger.db
2026-04-14 18:32:09,368 [INFO] database.db_manager: 🌱 Seeded 5 Jules cloud accounts.
2026-04-14 18:32:09,375 [INFO] database.db_manager: 🤖 Seeded default agents.
2026-04-14 18:32:10,570 [INFO] paperclip.main: ✅ Backend ready. WebSocket at /ws/heartbeat
2026-04-14 18:32:10,570 [INFO] paperclip.main: 🎯 Orchestrator background loop started
2026-04-14 18:32:10,570 [INFO] anatomy.orchestrator: 🎯 Orchestrator started (polling every 5s)
INFO:     Application startup complete.
ERROR:    [Errno 10048] error while attempting to bind on address ('0.0.0.0', 8000): [winerror 10048] only one usage of each socket address (protocol/network address/port) is normally permitted
INFO:     Waiting for application shutdown.
2026-04-14 18:32:10,572 [INFO] anatomy.orchestrator: 🎯 Orchestrator stopped
2026-04-14 18:32:10,572 [INFO] paperclip.main: 🛑 Paperclip Reborn — Backend Engine shutting down.
INFO:     Application shutdown complete.