CRASH AT: 2026-04-14T17:15:16.881670
============================================================
2026-04-14 17:15:16,551 [INFO] anatomy.shift_manager: \U0001f500 Shift Manager initialized in BOSS mode.
2026-04-14 17:15:16,551 [INFO] anatomy.orchestrator: \U0001f3af Orchestrator initialized
2026-04-14 17:15:16,694 [INFO] anatomy.shift_manager: \U0001f500 Shift Manager initialized in BOSS mode.
2026-04-14 17:15:16,694 [INFO] anatomy.orchestrator: \U0001f3af Orchestrator initialized
INFO:     Started server process [17072]
INFO:     Waiting for application startup.
2026-04-14 17:15:16,717 [INFO] paperclip.main: \U0001f4ce Paperclip Reborn — Backend Engine starting up...
2026-04-14 17:15:16,719 [INFO] database.db_manager: \U0001f4e6 Ledger database initialized at F:\012A_Github\choppingblock\backend_engine\database\ledger.db
2026-04-14 17:15:16,725 [INFO] database.db_manager: \U0001f331 Seeded 5 Jules cloud accounts.
2026-04-14 17:15:16,731 [INFO] database.db_manager: \U0001f916 Seeded default agents.
2026-04-14 17:15:16,762 [INFO] paperclip.main: \u2705 Backend ready. WebSocket at /ws/heartbeat
2026-04-14 17:15:16,763 [INFO] paperclip.main: \U0001f3af Orchestrator background loop started
2026-04-14 17:15:16,763 [INFO] anatomy.orchestrator: \U0001f3af Orchestrator started (polling every 5s)
INFO:     Application startup complete.
ERROR:    [Errno 10048] error while attempting to bind on address ('0.0.0.0', 8000): [winerror 10048] only one usage of each socket address (protocol/network address/port) is normally permitted
INFO:     Waiting for application shutdown.
2026-04-14 17:15:16,787 [INFO] anatomy.orchestrator: \U0001f3af Orchestrator stopped
2026-04-14 17:15:16,787 [INFO] paperclip.main: \U0001f6d1 Paperclip Reborn — Backend Engine shutting down.
INFO:     Application shutdown complete.
