CRASH AT: 2026-04-14T18:32:39.602165
============================================================
2026-04-14 18:32:38,460 [INFO] anatomy.shift_manager: 🔀 Shift Manager initialized in BOSS mode.
2026-04-14 18:32:38,460 [INFO] anatomy.orchestrator: 🎯 Orchestrator initialized
2026-04-14 18:32:38,645 [INFO] anatomy.shift_manager: 🔀 Shift Manager initialized in BOSS mode.
2026-04-14 18:32:38,645 [INFO] anatomy.orchestrator: 🎯 Orchestrator initialized
INFO:     Started server process [17500]
INFO:     Waiting for application startup.
2026-04-14 18:32:38,670 [INFO] paperclip.main: 📎 Paperclip Reborn — Backend Engine starting up...
2026-04-14 18:32:38,672 [INFO] database.db_manager: 📦 Ledger database initialized at F:\012A_Github\choppingblock\backend_engine\database\ledger.db
2026-04-14 18:32:38,678 [INFO] database.db_manager: 🌱 Seeded 5 Jules cloud accounts.
2026-04-14 18:32:38,685 [INFO] database.db_manager: 🤖 Seeded default agents.
2026-04-14 18:32:39,495 [INFO] paperclip.main: ✅ Backend ready. WebSocket at /ws/heartbeat
2026-04-14 18:32:39,495 [INFO] paperclip.main: 🎯 Orchestrator background loop started
2026-04-14 18:32:39,496 [INFO] anatomy.orchestrator: 🎯 Orchestrator started (polling every 5s)
INFO:     Application startup complete.
ERROR:    [Errno 10048] error while attempting to bind on address ('0.0.0.0', 8000): [winerror 10048] only one usage of each socket address (protocol/network address/port) is normally permitted
INFO:     Waiting for application shutdown.
2026-04-14 18:32:39,498 [INFO] anatomy.orchestrator: 🎯 Orchestrator stopped
2026-04-14 18:32:39,499 [INFO] paperclip.main: 🛑 Paperclip Reborn — Backend Engine shutting down.
INFO:     Application shutdown complete.